<?xml version="1.0" encoding="UTF-8"?>
<!-- Generated by org.testng.reporters.JUnitXMLReporter -->
<testsuite ignored="0" hostname="DESKTOP-D2FAL3B" failures="0" tests="4" name="Default test" time="0.148" errors="0" timestamp="2021-11-24T17:01:27 IST">
  <testcase classname="test.day4" name="method2" time="0.03"/>
  <testcase classname="test.day4" name="method3" time="0.016"/>
  <testcase classname="test.day4" name="method4" time="0.003"/>
  <testcase classname="test.day4" name="method1" time="0.002"/>
</testsuite> <!-- Default test -->
