<?xml version="1.0" encoding="UTF-8"?>
<!-- Generated by org.testng.reporters.JUnitXMLReporter -->
<testsuite ignored="2" hostname="DESKTOP-D2FAL3B" failures="0" tests="3" name="login " time="0.031" errors="0" timestamp="2021-11-23T14:59:40 IST">
  <testcase classname="test.day3" name="first" time="0.007"/>
  <testcase classname="test.day3" name="mobilelogin" time="0.003"/>
  <testcase classname="test.day3" name="weblogin" time="0.003"/>
  <testcase classname="test.day3" name="Apimob" time="0.0">
    <ignored/>
  </testcase> <!-- Apimob -->
  <testcase classname="test.day3" name="Apimobileapi" time="0.0">
    <ignored/>
  </testcase> <!-- Apimobileapi -->
</testsuite> <!-- login  -->
