<?xml version="1.0" encoding="UTF-8"?>
<!-- Generated by org.testng.reporters.JUnitXMLReporter -->
<testsuite ignored="4" hostname="DESKTOP-D2FAL3B" failures="0" tests="3" name="Regression" time="0.145" errors="0" timestamp="2021-11-23T15:22:59 IST">
  <testcase classname="test.day1" name="demo" time="0.02"/>
  <testcase classname="test.day1" name="demo2" time="0.006"/>
  <testcase classname="test.day3" name="weblogin" time="0.004"/>
  <testcase classname="test.day3" name="first" time="0.0">
    <ignored/>
  </testcase> <!-- first -->
  <testcase classname="test.day3" name="mobilelogin" time="0.0">
    <ignored/>
  </testcase> <!-- mobilelogin -->
  <testcase classname="test.day3" name="Apimob" time="0.0">
    <ignored/>
  </testcase> <!-- Apimob -->
  <testcase classname="test.day3" name="Apimobileapi" time="0.0">
    <ignored/>
  </testcase> <!-- Apimobileapi -->
</testsuite> <!-- Regression -->
