<?xml version="1.0" encoding="UTF-8"?>
<testng-results ignored="0" total="4" passed="4" failed="0" skipped="0">
  <reporter-output>
  </reporter-output>
  <suite started-at="2021-11-24T17:01:27 IST" name="Default suite" finished-at="2021-11-24T17:01:27 IST" duration-ms="148">
    <groups>
    </groups>
    <test started-at="2021-11-24T17:01:27 IST" name="Default test" finished-at="2021-11-24T17:01:27 IST" duration-ms="148">
      <class name="test.day4">
        <test-method signature="method2()[pri:0, instance:test.day4@2f177a4b]" started-at="2021-11-24T17:01:27 IST" name="method2" finished-at="2021-11-24T17:01:27 IST" duration-ms="30" status="PASS">
          <reporter-output>
          </reporter-output>
        </test-method> <!-- method2 -->
        <test-method signature="method3()[pri:0, instance:test.day4@2f177a4b]" started-at="2021-11-24T17:01:27 IST" name="method3" finished-at="2021-11-24T17:01:27 IST" duration-ms="16" status="PASS">
          <reporter-output>
          </reporter-output>
        </test-method> <!-- method3 -->
        <test-method signature="method4()[pri:0, instance:test.day4@2f177a4b]" started-at="2021-11-24T17:01:27 IST" name="method4" finished-at="2021-11-24T17:01:27 IST" duration-ms="3" status="PASS">
          <reporter-output>
          </reporter-output>
        </test-method> <!-- method4 -->
        <test-method signature="method1()[pri:0, instance:test.day4@2f177a4b]" started-at="2021-11-24T17:01:27 IST" name="method1" finished-at="2021-11-24T17:01:27 IST" depends-on-methods="test.day4.method2, test.day4.method3" duration-ms="2" status="PASS">
          <reporter-output>
          </reporter-output>
        </test-method> <!-- method1 -->
      </class> <!-- test.day4 -->
    </test> <!-- Default test -->
  </suite> <!-- Default suite -->
</testng-results>
